11.10.2021 19:50:49	Этот журнал содержит сведения об операции импорта схемы в проект "DatabaseMT1" на компьютере "4D21", выполненной пользователем "Alesya".
11.10.2021 19:50:50	Импорт схемы базы данных начат.
11.10.2021 19:51:30	Идет сбор учетных данных для базы данных
11.10.2021 19:51:30	Идет сбор параметров базы данных
11.10.2021 19:51:30	Собирается параметр конфигурации области универсальной базы данных
11.10.2021 19:51:30	Идет сбор пользователей
11.10.2021 19:51:30	Идет сбор ролей
11.10.2021 19:51:30	Идет сбор ролей приложений
11.10.2021 19:51:30	Идет сбор членств ролей
11.10.2021 19:51:30	Идет сбор файловых групп
11.10.2021 19:51:30	Идет сбор полнотекстовых каталогов
11.10.2021 19:51:30	Идет сбор сборок
11.10.2021 19:51:30	Идет сбор сертификатов
11.10.2021 19:51:30	Идет сбор асимметричных ключей
11.10.2021 19:51:30	Идет сбор симметричных ключей
11.10.2021 19:51:31	Идет сбор зашифрованных симметричных ключей
11.10.2021 19:51:31	Идет сбор схем
11.10.2021 19:51:31	Идет сбор коллекции схем XML
11.10.2021 19:51:31	Идет сбор определяемых пользователем типов данных
11.10.2021 19:51:31	Идет сбор определяемых пользователем типов
11.10.2021 19:51:31	Идет сбор табличных типов
11.10.2021 19:51:31	Сбор уникальных ключей для табличных типов
11.10.2021 19:51:31	Идет сбор первичных ключей для табличных типов
11.10.2021 19:51:31	Сбор индексов для табличных типов
11.10.2021 19:51:33	Идет сбор проверочных ограничений для табличных типов
11.10.2021 19:51:33	Идет сбор ограничений по умолчанию для табличных типов
11.10.2021 19:51:33	Идет сбор функций секционирования
11.10.2021 19:51:33	Идет сбор схем секционирования
11.10.2021 19:51:33	Идет сбор функций
11.10.2021 19:51:33	Сбор зашифрованных функций
11.10.2021 19:51:33	Идет сбор статистических выражений
11.10.2021 19:51:33	Идет сбор процедур
11.10.2021 19:51:34	Сбор зашифрованных процедур
11.10.2021 19:51:34	Идет сбор таблиц
11.10.2021 19:51:35	Идет сбор первичных ключей
11.10.2021 19:51:35	Идет сбор ограничений уникальности
11.10.2021 19:51:35	Идет сбор внешних ключей
11.10.2021 19:51:35	Идет сбор ограничений по умолчанию
11.10.2021 19:51:35	Идет сбор проверочных ограничений
11.10.2021 19:51:35	Идет сбор представлений
11.10.2021 19:51:35	Сбор зашифрованных представлений
11.10.2021 19:51:35	Идет сбор индексов
11.10.2021 19:51:35	Идет сбор статистики
11.10.2021 19:51:35	Идет сбор списков стоп-слов полнотекстовых индексов
11.10.2021 19:51:35	Сбор списков свойств поиска
11.10.2021 19:51:35	Сбор свойств поиска
11.10.2021 19:51:35	Идет сбор полнотекстовых индексов
11.10.2021 19:51:35	Сбор индексов хранилища столбцов
11.10.2021 19:51:35	Идет сбор пространственных индексов
11.10.2021 19:51:35	Идет сбор XML-индексов
11.10.2021 19:51:35	Сбор селективных XML-индексов
11.10.2021 19:51:35	Сбор зашифрованных триггеров
11.10.2021 19:51:35	Идет сбор триггеров
11.10.2021 19:51:35	Идет сбор зашифрованных триггеров и триггеров ddl clr
11.10.2021 19:51:35	Идет сбор триггеров ddl
11.10.2021 19:51:35	Создание ограничений границы
11.10.2021 19:51:35	Идет сбор синонимов
11.10.2021 19:51:36	Идет сбор значений по умолчанию
11.10.2021 19:51:36	Идет сбор привязок uddt ограничений данных
11.10.2021 19:51:36	Идет сбор правил
11.10.2021 19:51:36	Идет сбор привязок uddt ограничений данных
11.10.2021 19:51:36	Идет сбор типов сообщений
11.10.2021 19:51:36	Идет сбор списков ожидания
11.10.2021 19:51:36	Идет сбор контрактов
11.10.2021 19:51:36	Идет сбор служб
11.10.2021 19:51:36	Идет сбор уведомлений о событиях
11.10.2021 19:51:36	Идет сбор привязок удаленных служб
11.10.2021 19:51:36	Идет сбор приоритетов брокера
11.10.2021 19:51:36	Идет сбор подписей
11.10.2021 19:51:36	Идет сбор параметров сжатия данных
11.10.2021 19:51:36	Сбор типов последовательностей
11.10.2021 19:51:36	Идет сбор политик безопасности
11.10.2021 19:51:36	Сбор ключей шифрования столбцов
11.10.2021 19:51:36	Сбор главных ключей столбцов
11.10.2021 19:51:36	Выполняется сбор внешних источников данных
11.10.2021 19:51:36	Выполняется сбор внешних форматов файлов
11.10.2021 19:51:36	Выполняется сбор внешних таблиц
11.10.2021 19:51:36	Идет сбор расширенных свойств
11.10.2021 19:51:38	Идет сбор учетных данных
11.10.2021 19:51:38	Идет сбор имен входа
11.10.2021 19:51:38	Идет сбор аудитов сервера
11.10.2021 19:51:39	Выполняется проверка проекта на наличие повторяющихся элементов
11.10.2021 19:51:39	Обработка повторяющегося элемента завершена
11.10.2021 19:51:40	Импорт базы данных завершен.
11.10.2021 19:51:40	summary операции импорта была сохранена по следующему пути: C:\Users\Alesya\source\repos\DatabaseMT1\DatabaseMT1\Журналы импорта схем\DatabaseMT1_20211011045049.log
11.10.2021 19:51:40	Для продолжения нажмите кнопку ''Готово''...
